<?xml version="1.0" encoding="UTF-8"?>
<testng-results ignored="0" total="1" passed="1" failed="0" skipped="0">
  <reporter-output>
  </reporter-output>
  <suite started-at="2022-03-01T16:54:40 IST" name="Default suite" finished-at="2022-03-01T16:54:40 IST" duration-ms="93">
    <groups>
    </groups>
    <test started-at="2022-03-01T16:54:40 IST" name="Default test" finished-at="2022-03-01T16:54:40 IST" duration-ms="93">
      <class name="Practice.TestCase1">
        <test-method signature="tc1()[pri:0, instance:Practice.TestCase1@2e222612]" started-at="2022-03-01T16:54:40 IST" name="tc1" finished-at="2022-03-01T16:54:40 IST" duration-ms="14" status="PASS">
          <reporter-output>
          </reporter-output>
        </test-method> <!-- tc1 -->
      </class> <!-- Practice.TestCase1 -->
    </test> <!-- Default test -->
  </suite> <!-- Default suite -->
</testng-results>
